<?xml version="1.0" encoding="UTF-8"?>
<!-- Generated by org.testng.reporters.JUnitReportReporter -->
<testsuite hostname="Dell" failures="0" tests="1" name="housingTesting.JMB_DB_037" time="31.765" errors="0" timestamp="2022-11-03T21:57:20 MDT" skipped="0">
  <testcase classname="housingTesting.JMB_DB_037" name="housingPrice1" time="31.765"/>
  <system-out/>
</testsuite> <!-- housingTesting.JMB_DB_037 -->
