<?xml version="1.0" encoding="UTF-8"?>
<!-- Generated by org.testng.reporters.JUnitReportReporter -->
<testsuite hostname="Dell" failures="0" tests="1" name="JomboneTesting.JMB_DB_015" time="42.789" errors="0" timestamp="2022-10-27T19:56:47 MDT" skipped="0">
  <testcase classname="JomboneTesting.JMB_DB_015" name="housingPrice5" time="42.789"/>
  <system-out/>
</testsuite> <!-- JomboneTesting.JMB_DB_015 -->
