<?xml version="1.0" encoding="UTF-8"?>
<!-- Generated by org.testng.reporters.JUnitReportReporter -->
<testsuite hostname="Dell" failures="0" tests="1" name="JomboneTesting.JMB_DB_013" time="47.606" errors="0" timestamp="2022-10-27T19:56:47 MDT" skipped="0">
  <testcase classname="JomboneTesting.JMB_DB_013" name="housingPrice3" time="47.606"/>
  <system-out/>
</testsuite> <!-- JomboneTesting.JMB_DB_013 -->
