<?xml version="1.0" encoding="UTF-8"?>
<!-- Generated by org.testng.reporters.JUnitReportReporter -->
<testsuite hostname="Dell" failures="0" tests="1" name="housingTesting.JMB_DB_023" time="13.471" errors="0" timestamp="2022-11-04T20:30:29 MDT" skipped="0">
  <testcase classname="housingTesting.JMB_DB_023" name="housingPrice13" time="13.471"/>
  <system-out/>
</testsuite> <!-- housingTesting.JMB_DB_023 -->
