<?xml version="1.0" encoding="UTF-8"?>
<!-- Generated by org.testng.reporters.JUnitReportReporter -->
<testsuite hostname="Dell" failures="0" tests="1" name="com.org.learningMaven.jomboneProjectMaiquel.TestNGTesting" time="0.005" errors="0" timestamp="2022-05-17T22:13:19 MDT" skipped="0">
  <testcase classname="com.org.learningMaven.jomboneProjectMaiquel.TestNGTesting" name="f" time="0.005"/>
  <system-out/>
</testsuite> <!-- com.org.learningMaven.jomboneProjectMaiquel.TestNGTesting -->
