<?xml version="1.0" encoding="UTF-8"?>
<!-- Generated by org.testng.reporters.JUnitReportReporter -->
<testsuite hostname="Dell" failures="0" tests="1" name="JomboneTesting.TestNGTesting" time="0.360" errors="0" timestamp="2022-05-26T20:30:15 MDT" skipped="0">
  <testcase classname="JomboneTesting.TestNGTesting" name="Jombonetest" time="0.360"/>
  <system-out/>
</testsuite> <!-- JomboneTesting.TestNGTesting -->
